c:\users\lsi\documents\visual studio 2013\projects\gravity_simulator\release\gravity_simulator.pch
c:\users\lsi\documents\visual studio 2013\projects\gravity_simulator\release\vc120.pdb
c:\users\lsi\documents\visual studio 2013\projects\gravity_simulator\release\stdafx.obj
c:\users\lsi\documents\visual studio 2013\projects\gravity_simulator\release\vector.obj
c:\users\lsi\documents\visual studio 2013\projects\gravity_simulator\release\time.obj
c:\users\lsi\documents\visual studio 2013\projects\gravity_simulator\release\particle.obj
c:\users\lsi\documents\visual studio 2013\projects\gravity_simulator\release\mainfrm.obj
c:\users\lsi\documents\visual studio 2013\projects\gravity_simulator\release\gravity_simulatorview.obj
c:\users\lsi\documents\visual studio 2013\projects\gravity_simulator\release\gravity_simulatordoc.obj
c:\users\lsi\documents\visual studio 2013\projects\gravity_simulator\release\gravity_simulator.obj
c:\users\lsi\documents\visual studio 2013\projects\gravity_simulator\release\environment.obj
c:\users\lsi\documents\visual studio 2013\projects\gravity_simulator\release\gravity_simulator.exe
c:\users\lsi\documents\visual studio 2013\projects\gravity_simulator\release\gravity_simulator.pdb
c:\users\lsi\documents\visual studio 2013\projects\gravity_simulator\release\gravity_simulator.res
c:\users\lsi\documents\visual studio 2013\projects\gravity_simulator\release\gravity_.d0646fdf.tlog\cl.command.1.tlog
c:\users\lsi\documents\visual studio 2013\projects\gravity_simulator\release\gravity_.d0646fdf.tlog\cl.read.1.tlog
c:\users\lsi\documents\visual studio 2013\projects\gravity_simulator\release\gravity_.d0646fdf.tlog\cl.write.1.tlog
c:\users\lsi\documents\visual studio 2013\projects\gravity_simulator\release\gravity_.d0646fdf.tlog\link.command.1.tlog
c:\users\lsi\documents\visual studio 2013\projects\gravity_simulator\release\gravity_.d0646fdf.tlog\link.read.1.tlog
c:\users\lsi\documents\visual studio 2013\projects\gravity_simulator\release\gravity_.d0646fdf.tlog\link.write.1.tlog
c:\users\lsi\documents\visual studio 2013\projects\gravity_simulator\release\gravity_.d0646fdf.tlog\rc.command.1.tlog
c:\users\lsi\documents\visual studio 2013\projects\gravity_simulator\release\gravity_.d0646fdf.tlog\rc.read.1.tlog
c:\users\lsi\documents\visual studio 2013\projects\gravity_simulator\release\gravity_.d0646fdf.tlog\rc.write.1.tlog
