Build started 2015-02-22 오후 9:52:08.
     1>Project "C:\Users\LSI\documents\visual studio 2013\Projects\Gravity_Simulator\Gravity_Simulator.vcxproj" on node 2 (Build target(s)).
     1>ClCompile:
         C:\Program Files (x86)\Microsoft Visual Studio 12.0\VC\bin\CL.exe /c /Zi /nologo /W3 /WX- /sdl /O2 /Oi /Oy- /GL /D WIN32 /D _WINDOWS /D NDEBUG /D _UNICODE /D UNICODE /D _AFXDLL /Gm- /EHsc /MD /GS /Gy /fp:precise /Zc:wchar_t /Zc:forScope /Fo"Release\\" /Fd"Release\vc120.pdb" /Gd /TP /analyze- /errorReport:prompt Gravity_SimulatorView.cpp
         Gravity_SimulatorView.cpp
       Link:
         C:\Program Files (x86)\Microsoft Visual Studio 12.0\VC\bin\link.exe /ERRORREPORT:PROMPT /OUT:"C:\Users\LSI\documents\visual studio 2013\Projects\Gravity_Simulator\Release\Gravity_Simulator.exe" /INCREMENTAL:NO /NOLOGO /MANIFEST /MANIFESTUAC:"level='asInvoker' uiAccess='false'" /manifest:embed /manifestinput:"C:\Program Files (x86)\Microsoft Visual Studio 12.0\VC\Include\Manifest\dpiaware.manifest" /DEBUG /PDB:"C:\Users\LSI\documents\visual studio 2013\Projects\Gravity_Simulator\Release\Gravity_Simulator.pdb" /SUBSYSTEM:WINDOWS /OPT:REF /OPT:ICF /LTCG /TLBID:1 /ENTRY:"wWinMainCRTStartup" /DYNAMICBASE /NXCOMPAT /IMPLIB:"C:\Users\LSI\documents\visual studio 2013\Projects\Gravity_Simulator\Release\Gravity_Simulator.lib" /MACHINE:X86 /SAFESEH Release\Gravity_Simulator.res
         Release\Environment.obj
         Release\Gravity_Simulator.obj
         Release\Gravity_SimulatorDoc.obj
         Release\Gravity_SimulatorView.obj
         Release\MainFrm.obj
         Release\Particle.obj
         Release\stdafx.obj
         Release\Time.obj
         Release\Vector.obj
         Generating code
         Finished generating code
         Gravity_Simulator.vcxproj -> C:\Users\LSI\documents\visual studio 2013\Projects\Gravity_Simulator\Release\Gravity_Simulator.exe
     1>Done Building Project "C:\Users\LSI\documents\visual studio 2013\Projects\Gravity_Simulator\Gravity_Simulator.vcxproj" (Build target(s)).

Build succeeded.

Time Elapsed 00:00:08.03
